{
  "RSpec": {
    "coverage": {
      "/Users/ricardocarlino/coding/OpenFarm/app/helpers/application_helper.rb": [
        1,
        null
      ],
      "/Users/ricardocarlino/coding/OpenFarm/app/helpers/crop_searches_helper.rb": [
        1,
        null
      ],
      "/Users/ricardocarlino/coding/OpenFarm/app/controllers/crops_controller.rb": [
        1,
        1,
        1,
        null,
        null,
        1,
        1,
        null,
        null,
        1,
        2,
        2,
        1,
        null,
        1,
        null,
        null,
        null,
        1,
        1,
        2,
        null,
        null,
        null,
        null
      ],
      "/Users/ricardocarlino/coding/OpenFarm/app/controllers/application_controller.rb": [
        1,
        null,
        null,
        1,
        null
      ],
      "/Users/ricardocarlino/coding/OpenFarm/app/controllers/users_controller.rb": [
        1,
        1,
        1,
        1,
        null,
        null,
        1,
        1,
        1,
        null,
        null,
        1,
        2,
        2,
        1,
        null,
        1,
        null,
        null,
        null,
        1,
        2,
        2,
        1,
        null,
        1,
        null,
        null,
        null,
        1,
        1,
        null,
        null,
        1,
        1,
        4,
        null,
        null
      ],
      "/Users/ricardocarlino/coding/OpenFarm/app/models/crop.rb": [
        null,
        null,
        1,
        1,
        null,
        null,
        1,
        null,
        1,
        1,
        1,
        1,
        null,
        1,
        1,
        1,
        1,
        1,
        1,
        null,
        1,
        null
      ],
      "/Users/ricardocarlino/coding/OpenFarm/app/models/user.rb": [
        1,
        1,
        1,
        null,
        1,
        1,
        1,
        1,
        null,
        1,
        1,
        1,
        1,
        null,
        1,
        1,
        1,
        1,
        null,
        1,
        null
      ],
      "/Users/ricardocarlino/coding/OpenFarm/app/controllers/crop_searches_controller.rb": [
        1,
        null,
        1,
        2,
        1,
        null,
        1,
        1,
        null,
        null,
        null,
        1,
        null,
        null,
        1,
        3,
        null,
        null
      ]
    },
    "timestamp": 1388063214
  }
}
